2024.05.15 11:13:57 INFO  Started: Metals version 1.3.0 in folders '/home/toubal/Bureau/cours rouen/cours rouen/S2/ST/ST' for client Visual Studio Code 1.85.1.
SLF4J: Class path contains multiple SLF4J providers.
SLF4J: Found provider [scribe.slf4j.ScribeServiceProvider@4d46cdb0]
SLF4J: Found provider [ch.qos.logback.classic.spi.LogbackServiceProvider@5018a74d]
SLF4J: See https://www.slf4j.org/codes.html#multiple_bindings for an explanation.
SLF4J: Actual provider is of type [scribe.slf4j.ScribeServiceProvider@4d46cdb0]
2024.05.15 11:13:57 WARN  Flyway upgrade recommended: H2 2.2.224 is newer than this version of Flyway and support has not been tested. The latest supported version of H2 is 2.2.220.
2024.05.15 11:14:16 INFO  no build target found for /home/toubal/Bureau/cours rouen/cours rouen/S2/ST/ST/src/main/scala/tp02/anagrams/Anagrams.scala. Using presentation compiler with project's scala-library version: 3.3.3
2024.05.15 11:14:21 INFO  time: code lens generation in 8.71s
mai 15, 2024 11:21:33 AM org.eclipse.lsp4j.jsonrpc.RemoteEndpoint handleCancellation
AVERTISSEMENT: Unmatched cancel notification for request id 168
mai 15, 2024 11:29:19 AM org.eclipse.lsp4j.jsonrpc.RemoteEndpoint handleCancellation
AVERTISSEMENT: Unmatched cancel notification for request id 524
mai 15, 2024 11:29:19 AM org.eclipse.lsp4j.jsonrpc.RemoteEndpoint handleCancellation
AVERTISSEMENT: Unmatched cancel notification for request id 525
2024.05.15 11:30:11 WARN  no build target for: /home/toubal/Bureau/cours rouen/cours rouen/S2/ST/ST/src/main/scala/tp02/anagrams/Anagrams.scala
2024.05.15 11:30:11 WARN  no build target for: /home/toubal/Bureau/cours rouen/cours rouen/S2/ST/ST/src/main/scala/tp02/anagrams/Anagrams.scala
mai 15, 2024 11:30:11 AM org.eclipse.lsp4j.jsonrpc.RemoteEndpoint handleCancellation
AVERTISSEMENT: Unmatched cancel notification for request id 709
mai 15, 2024 11:30:44 AM org.eclipse.lsp4j.jsonrpc.RemoteEndpoint handleCancellation
AVERTISSEMENT: Unmatched cancel notification for request id 714
2024.05.17 14:25:00 INFO  Started: Metals version 1.3.0 in folders '/home/toubal/Bureau/cours rouen/cours rouen/S2/ST/ST' for client Visual Studio Code 1.85.1.
2024.05.17 14:25:01 INFO  time: initialize in 0.12s
SLF4J: Class path contains multiple SLF4J providers.
SLF4J: Found provider [scribe.slf4j.ScribeServiceProvider@8159d27]
SLF4J: Found provider [ch.qos.logback.classic.spi.LogbackServiceProvider@f32b65b]
SLF4J: See https://www.slf4j.org/codes.html#multiple_bindings for an explanation.
SLF4J: Actual provider is of type [scribe.slf4j.ScribeServiceProvider@8159d27]
2024.05.17 14:25:15 WARN  Flyway upgrade recommended: H2 2.2.224 is newer than this version of Flyway and support has not been tested. The latest supported version of H2 is 2.2.220.
